# JRE version: OpenJDK Runtime Environment (11.0.11+9) (build 11.0.11+9-b60-7590822)
# Java VM: OpenJDK 64-Bit Server VM (11.0.11+9-b60-7590822, mixed mode, tiered, compressed oops, g1 gc, windows-amd64)
Heap:
 garbage-first heap   total 262144K, used 178207K [0x0000000080000000, 0x0000000100000000)
  region size 1024K, 12 young (12288K), 5 survivors (5120K)
 Metaspace       used 112954K, capacity 115654K, committed 115836K, reserved 1150976K
  class space    used 14335K, capacity 15303K, committed 15360K, reserved 1048576K
GC Heap History (20 events):
Event: 71.660 GC heap before
{Heap before GC invocations=16 (full 0):
 garbage-first heap   total 262144K, used 219439K [0x0000000080000000, 0x0000000100000000)
  region size 1024K, 114 young (116736K), 15 survivors (15360K)
 Metaspace       used 96908K, capacity 99365K, committed 99708K, reserved 1136640K
  class space    used 12268K, capacity 13232K, committed 13312K, reserved 1048576K
}
Event: 71.673 GC heap after
{Heap after GC invocations=17 (full 0):
 garbage-first heap   total 262144K, used 111332K [0x0000000080000000, 0x0000000100000000)
  region size 1024K, 7 young (7168K), 7 survivors (7168K)
 Metaspace       used 96908K, capacity 99365K, committed 99708K, reserved 1136640K
  class space    used 12268K, capacity 13232K, committed 13312K, reserved 1048576K
}
Event: 71.821 GC heap before
{Heap before GC invocations=17 (full 0):
 garbage-first heap   total 262144K, used 141028K [0x0000000080000000, 0x0000000100000000)
  region size 1024K, 38 young (38912K), 7 survivors (7168K)
 Metaspace       used 97654K, capacity 100142K, committed 100220K, reserved 1136640K
  class space    used 12320K, capacity 13299K, committed 13312K, reserved 1048576K
}
Event: 71.827 GC heap after
{Heap after GC invocations=18 (full 0):
 garbage-first heap   total 262144K, used 110616K [0x0000000080000000, 0x0000000100000000)
  region size 1024K, 7 young (7168K), 7 survivors (7168K)
 Metaspace       used 97654K, capacity 100142K, committed 100220K, reserved 1136640K
  class space    used 12320K, capacity 13299K, committed 13312K, reserved 1048576K
}
Event: 72.601 GC heap before
{Heap before GC invocations=19 (full 0):
 garbage-first heap   total 262144K, used 204824K [0x0000000080000000, 0x0000000100000000)
  region size 1024K, 100 young (102400K), 7 survivors (7168K)
 Metaspace       used 100739K, capacity 102991K, committed 103932K, reserved 1140736K
  class space    used 12537K, capacity 13351K, committed 13696K, reserved 1048576K
}
Event: 72.608 GC heap after
{Heap after GC invocations=20 (full 0):
 garbage-first heap   total 262144K, used 110264K [0x0000000080000000, 0x0000000100000000)
  region size 1024K, 6 young (6144K), 6 survivors (6144K)
 Metaspace       used 100739K, capacity 102991K, committed 103932K, reserved 1140736K
  class space    used 12537K, capacity 13351K, committed 13696K, reserved 1048576K
}
Event: 72.663 GC heap before
{Heap before GC invocations=20 (full 0):
 garbage-first heap   total 262144K, used 115384K [0x0000000080000000, 0x0000000100000000)
  region size 1024K, 12 young (12288K), 6 survivors (6144K)
 Metaspace       used 101084K, capacity 103311K, committed 104316K, reserved 1140736K
  class space    used 12589K, capacity 13415K, committed 13824K, reserved 1048576K
}
Event: 72.669 GC heap after
{Heap after GC invocations=21 (full 0):
 garbage-first heap   total 262144K, used 104921K [0x0000000080000000, 0x0000000100000000)
  region size 1024K, 2 young (2048K), 2 survivors (2048K)
 Metaspace       used 101084K, capacity 103311K, committed 104316K, reserved 1140736K
  class space    used 12589K, capacity 13415K, committed 13824K, reserved 1048576K
}
Event: 73.582 GC heap before
{Heap before GC invocations=21 (full 0):
 garbage-first heap   total 262144K, used 212441K [0x0000000080000000, 0x0000000100000000)
  region size 1024K, 101 young (103424K), 2 survivors (2048K)
 Metaspace       used 104587K, capacity 106999K, committed 107772K, reserved 1142784K
  class space    used 12989K, capacity 13835K, committed 14208K, reserved 1048576K
}
Event: 73.589 GC heap after
{Heap after GC invocations=22 (full 0):
 garbage-first heap   total 262144K, used 119707K [0x0000000080000000, 0x0000000100000000)
  region size 1024K, 9 young (9216K), 9 survivors (9216K)
 Metaspace       used 104587K, capacity 106999K, committed 107772K, reserved 1142784K
  class space    used 12989K, capacity 13835K, committed 14208K, reserved 1048576K
}
Event: 73.878 GC heap before
{Heap before GC invocations=22 (full 0):
 garbage-first heap   total 262144K, used 153499K [0x0000000080000000, 0x0000000100000000)
  region size 1024K, 38 young (38912K), 9 survivors (9216K)
 Metaspace       used 107567K, capacity 109961K, committed 110716K, reserved 1144832K
  class space    used 13402K, capacity 14266K, committed 14592K, reserved 1048576K
}
Event: 73.886 GC heap after
{Heap after GC invocations=23 (full 0):
 garbage-first heap   total 262144K, used 126958K [0x0000000080000000, 0x0000000100000000)
  region size 1024K, 4 young (4096K), 4 survivors (4096K)
 Metaspace       used 107567K, capacity 109961K, committed 110716K, reserved 1144832K
  class space    used 13402K, capacity 14266K, committed 14592K, reserved 1048576K
}
Event: 74.550 GC heap before
{Heap before GC invocations=24 (full 0):
 garbage-first heap   total 262144K, used 199662K [0x0000000080000000, 0x0000000100000000)
  region size 1024K, 75 young (76800K), 4 survivors (4096K)
 Metaspace       used 110153K, capacity 112612K, committed 112892K, reserved 1146880K
  class space    used 13935K, capacity 14843K, committed 14976K, reserved 1048576K
}
Event: 74.573 GC heap after
{Heap after GC invocations=25 (full 0):
 garbage-first heap   total 262144K, used 152087K [0x0000000080000000, 0x0000000100000000)
  region size 1024K, 10 young (10240K), 10 survivors (10240K)
 Metaspace       used 110153K, capacity 112612K, committed 112892K, reserved 1146880K
  class space    used 13935K, capacity 14843K, committed 14976K, reserved 1048576K
}
Event: 74.593 GC heap before
{Heap before GC invocations=25 (full 0):
 garbage-first heap   total 262144K, used 154135K [0x0000000080000000, 0x0000000100000000)
  region size 1024K, 12 young (12288K), 10 survivors (10240K)
 Metaspace       used 110160K, capacity 112612K, committed 112892K, reserved 1146880K
  class space    used 13935K, capacity 14843K, committed 14976K, reserved 1048576K
}
Event: 74.607 GC heap after
{Heap after GC invocations=26 (full 0):
 garbage-first heap   total 262144K, used 153083K [0x0000000080000000, 0x0000000100000000)
  region size 1024K, 2 young (2048K), 2 survivors (2048K)
 Metaspace       used 110160K, capacity 112612K, committed 112892K, reserved 1146880K
  class space    used 13935K, capacity 14843K, committed 14976K, reserved 1048576K
}
Event: 74.885 GC heap before
{Heap before GC invocations=26 (full 0):
 garbage-first heap   total 262144K, used 200187K [0x0000000080000000, 0x0000000100000000)
  region size 1024K, 49 young (50176K), 2 survivors (2048K)
 Metaspace       used 111727K, capacity 114283K, committed 114428K, reserved 1148928K
  class space    used 14167K, capacity 15098K, committed 15232K, reserved 1048576K
}
Event: 74.899 GC heap after
{Heap after GC invocations=27 (full 0):
 garbage-first heap   total 262144K, used 174043K [0x0000000080000000, 0x0000000100000000)
  region size 1024K, 7 young (7168K), 7 survivors (7168K)
 Metaspace       used 111727K, capacity 114283K, committed 114428K, reserved 1148928K
  class space    used 14167K, capacity 15098K, committed 15232K, reserved 1048576K
}
Event: 75.251 GC heap before
{Heap before GC invocations=28 (full 0):
 garbage-first heap   total 262144K, used 199643K [0x0000000080000000, 0x0000000100000000)
  region size 1024K, 40 young (40960K), 7 survivors (7168K)
 Metaspace       used 112765K, capacity 115437K, committed 115580K, reserved 1148928K
  class space    used 14304K, capacity 15275K, committed 15360K, reserved 1048576K
}
Event: 75.263 GC heap after
{Heap after GC invocations=29 (full 0):
 garbage-first heap   total 262144K, used 172063K [0x0000000080000000, 0x0000000100000000)
  region size 1024K, 5 young (5120K), 5 survivors (5120K)
 Metaspace       used 112765K, capacity 115437K, committed 115580K, reserved 1148928K
  class space    used 14304K, capacity 15275K, committed 15360K, reserved 1048576K
}

